#-----------------------------------------------------------
# Vivado v2020.1 (64-bit)
# SW Build 2902540 on Wed May 27 19:54:49 MDT 2020
# IP Build 2902112 on Wed May 27 22:43:36 MDT 2020
# Start of session at: Tue Jul  4 16:44:17 2023
# Process ID: 28208
# Current directory: C:/Users/txzing/Desktop/test/Lattice_A7/A7/33_sd_bmp_hdmi
# Command line: vivado.exe -gui_launcher_event rodinguilauncherevent11976 C:\Users\txzing\Desktop\test\Lattice_A7\A7\33_sd_bmp_hdmi\sd_bmp_hdmi.xpr
# Log file: C:/Users/txzing/Desktop/test/Lattice_A7/A7/33_sd_bmp_hdmi/vivado.log
# Journal file: C:/Users/txzing/Desktop/test/Lattice_A7/A7/33_sd_bmp_hdmi\vivado.jou
#-----------------------------------------------------------
start_gui
open_project C:/Users/txzing/Desktop/test/Lattice_A7/A7/33_sd_bmp_hdmi/sd_bmp_hdmi.xpr
INFO: [Project 1-313] Project file moved from 'C:/Users/txzing/Desktop/1_FPGA_Design/1_Verilog_35T/33_sd_bmp_hdmi' since last save.
Scanning sources...
Finished scanning sources
INFO: [IP_Flow 19-234] Refreshing IP repositories
INFO: [IP_Flow 19-1704] No user IP repositories specified
INFO: [IP_Flow 19-2313] Loaded Vivado IP repository 'D:/Vivado/Vivado/2020.1/data/ip'.
open_project: Time (s): cpu = 00:00:07 ; elapsed = 00:00:07 . Memory (MB): peak = 1112.816 ; gain = 0.000
update_compile_order -fileset sources_1
exit
INFO: [Common 17-206] Exiting Vivado at Tue Jul  4 17:08:05 2023...
