#-----------------------------------------------------------
# Vivado v2020.1 (64-bit)
# SW Build 2902540 on Wed May 27 19:54:49 MDT 2020
# IP Build 2902112 on Wed May 27 22:43:36 MDT 2020
# Start of session at: Thu Jul 27 10:04:02 2023
# Process ID: 23236
# Current directory: C:/Users/txzing/Desktop/test/Lattice_A7/A7/33_sd_bmp_hdmi
# Command line: vivado.exe -gui_launcher_event rodinguilauncherevent15308 C:\Users\txzing\Desktop\test\Lattice_A7\A7\33_sd_bmp_hdmi\sd_bmp_hdmi.xpr
# Log file: C:/Users/txzing/Desktop/test/Lattice_A7/A7/33_sd_bmp_hdmi/vivado.log
# Journal file: C:/Users/txzing/Desktop/test/Lattice_A7/A7/33_sd_bmp_hdmi\vivado.jou
#-----------------------------------------------------------
start_gui
open_project C:/Users/txzing/Desktop/test/Lattice_A7/A7/33_sd_bmp_hdmi/sd_bmp_hdmi.xpr
Scanning sources...
Finished scanning sources
INFO: [IP_Flow 19-234] Refreshing IP repositories
INFO: [IP_Flow 19-1704] No user IP repositories specified
INFO: [IP_Flow 19-2313] Loaded Vivado IP repository 'D:/Vivado/Vivado/2020.1/data/ip'.
open_project: Time (s): cpu = 00:00:07 ; elapsed = 00:00:07 . Memory (MB): peak = 1110.973 ; gain = 0.000
update_compile_order -fileset sources_1
reset_run synth_1
launch_runs impl_1 -to_step write_bitstream -jobs 10
[Thu Jul 27 10:08:22 2023] Launched synth_1...
Run output will be captured here: C:/Users/txzing/Desktop/test/Lattice_A7/A7/33_sd_bmp_hdmi/sd_bmp_hdmi.runs/synth_1/runme.log
[Thu Jul 27 10:08:22 2023] Launched impl_1...
Run output will be captured here: C:/Users/txzing/Desktop/test/Lattice_A7/A7/33_sd_bmp_hdmi/sd_bmp_hdmi.runs/impl_1/runme.log
open_hw_manager
connect_hw_server -allow_non_jtag
INFO: [Labtools 27-2285] Connecting to hw_server url TCP:localhost:3121
INFO: [Labtools 27-2222] Launching hw_server...
INFO: [Labtools 27-2221] Launch Output:

****** Xilinx hw_server v2020.1
  **** Build date : May 27 2020 at 20:24:38
    ** Copyright 1986-2020 Xilinx, Inc. All Rights Reserved.


INFO: [Labtools 27-3415] Connecting to cs_server url TCP:localhost:3042
INFO: [Labtools 27-3417] Launching cs_server...
INFO: [Labtools 27-2221] Launch Output:


****** Xilinx cs_server v2020.1.0
  **** Build date : May 14 2020-09:10:29
    ** Copyright 2017-2020 Xilinx, Inc. All Rights Reserved.



connect_hw_server: Time (s): cpu = 00:00:00 ; elapsed = 00:00:07 . Memory (MB): peak = 1324.836 ; gain = 18.992
open_hw_target
INFO: [Labtoolstcl 44-466] Opening hw_target localhost:3121/xilinx_tcf/Digilent/210251A08870
set_property PROGRAM.FILE {C:/Users/txzing/Desktop/test/Lattice_A7/A7/33_sd_bmp_hdmi/sd_bmp_hdmi.runs/impl_1/sd_bmp_hdmi.bit} [get_hw_devices xc7a35t_0]
set_property PROBES.FILE {C:/Users/txzing/Desktop/test/Lattice_A7/A7/33_sd_bmp_hdmi/sd_bmp_hdmi.runs/impl_1/sd_bmp_hdmi.ltx} [get_hw_devices xc7a35t_0]
set_property FULL_PROBES.FILE {C:/Users/txzing/Desktop/test/Lattice_A7/A7/33_sd_bmp_hdmi/sd_bmp_hdmi.runs/impl_1/sd_bmp_hdmi.ltx} [get_hw_devices xc7a35t_0]
current_hw_device [get_hw_devices xc7a35t_0]
refresh_hw_device [lindex [get_hw_devices xc7a35t_0] 0]
INFO: [Labtools 27-1435] Device xc7a35t (JTAG device index = 0) is not programmed (DONE status = 0).
set_property PROBES.FILE {C:/Users/txzing/Desktop/test/Lattice_A7/A7/33_sd_bmp_hdmi/sd_bmp_hdmi.runs/impl_1/sd_bmp_hdmi.ltx} [get_hw_devices xc7a35t_0]
set_property FULL_PROBES.FILE {C:/Users/txzing/Desktop/test/Lattice_A7/A7/33_sd_bmp_hdmi/sd_bmp_hdmi.runs/impl_1/sd_bmp_hdmi.ltx} [get_hw_devices xc7a35t_0]
set_property PROGRAM.FILE {C:/Users/txzing/Desktop/test/Lattice_A7/A7/33_sd_bmp_hdmi/sd_bmp_hdmi.runs/impl_1/sd_bmp_hdmi.bit} [get_hw_devices xc7a35t_0]
program_hw_devices [get_hw_devices xc7a35t_0]
INFO: [Labtools 27-3164] End of startup status: HIGH
refresh_hw_device [lindex [get_hw_devices xc7a35t_0] 0]
ERROR: [Xicom 50-38] xicom: Device:0, user chain number:1, slave index:0. Reading intermittently wrong data from core. Try slower target speed. Make sure design meets timing requirements.
ERROR: [Xicom 50-38] xicom: Device:0, user chain number:1, slave index:0, is not a valid CseXsdb Slave core.
ERROR: [Labtools 27-3176] hw_server failed during internal command.
Resolution: Check that the hw_server is running and the hardware connectivity to the target
set_property PROBES.FILE {C:/Users/txzing/Desktop/test/Lattice_A7/A7/33_sd_bmp_hdmi/sd_bmp_hdmi.runs/impl_1/sd_bmp_hdmi.ltx} [get_hw_devices xc7a35t_0]
set_property FULL_PROBES.FILE {C:/Users/txzing/Desktop/test/Lattice_A7/A7/33_sd_bmp_hdmi/sd_bmp_hdmi.runs/impl_1/sd_bmp_hdmi.ltx} [get_hw_devices xc7a35t_0]
set_property PROGRAM.FILE {C:/Users/txzing/Desktop/test/Lattice_A7/A7/33_sd_bmp_hdmi/sd_bmp_hdmi.runs/impl_1/sd_bmp_hdmi.bit} [get_hw_devices xc7a35t_0]
program_hw_devices [get_hw_devices xc7a35t_0]
INFO: [Labtools 27-3164] End of startup status: HIGH
refresh_hw_device [lindex [get_hw_devices xc7a35t_0] 0]
ERROR: [Xicom 50-38] xicom: Device:0, user chain number:1, slave index:0. Reading intermittently wrong data from core. Try slower target speed. Make sure design meets timing requirements.
ERROR: [Xicom 50-38] xicom: Device:0, user chain number:1, slave index:0, is not a valid CseXsdb Slave core.
ERROR: [Labtools 27-3176] hw_server failed during internal command.
Resolution: Check that the hw_server is running and the hardware connectivity to the target
set_property PROBES.FILE {C:/Users/txzing/Desktop/test/Lattice_A7/A7/33_sd_bmp_hdmi/sd_bmp_hdmi.runs/impl_1/sd_bmp_hdmi.ltx} [get_hw_devices xc7a35t_0]
set_property FULL_PROBES.FILE {C:/Users/txzing/Desktop/test/Lattice_A7/A7/33_sd_bmp_hdmi/sd_bmp_hdmi.runs/impl_1/sd_bmp_hdmi.ltx} [get_hw_devices xc7a35t_0]
set_property PROGRAM.FILE {C:/Users/txzing/Desktop/test/Lattice_A7/A7/33_sd_bmp_hdmi/sd_bmp_hdmi.runs/impl_1/sd_bmp_hdmi.bit} [get_hw_devices xc7a35t_0]
program_hw_devices [get_hw_devices xc7a35t_0]
INFO: [Labtools 27-3164] End of startup status: HIGH
refresh_hw_device [lindex [get_hw_devices xc7a35t_0] 0]
INFO: [Labtools 27-2302] Device xc7a35t (JTAG device index = 0) is programmed with a design that has 1 ILA core(s).
display_hw_ila_data [ get_hw_ila_data hw_ila_data_1 -of_objects [get_hw_ilas -of_objects [get_hw_devices xc7a35t_0] -filter {CELL_NAME=~"u_ila_0"}]]
run_hw_ila [get_hw_ilas -of_objects [get_hw_devices xc7a35t_0] -filter {CELL_NAME=~"u_ila_0"}] -trigger_now
INFO: [Labtools 27-1964] The ILA core 'hw_ila_1' trigger was armed at 2023-Jul-27 10:18:40
wait_on_hw_ila [get_hw_ilas -of_objects [get_hw_devices xc7a35t_0] -filter {CELL_NAME=~"u_ila_0"}]
display_hw_ila_data [upload_hw_ila_data [get_hw_ilas -of_objects [get_hw_devices xc7a35t_0] -filter {CELL_NAME=~"u_ila_0"}]]
INFO: [Labtools 27-1966] The ILA core 'hw_ila_1' triggered at 2023-Jul-27 10:18:40
INFO: [Labtools 27-3304] ILA Waveform data saved to file C:/Users/txzing/Desktop/test/Lattice_A7/A7/33_sd_bmp_hdmi/sd_bmp_hdmi.hw/backup/hw_ila_data_1.ila. Use Tcl command 'read_hw_ila_data' or Vivado File->Import->Import ILA Data menu item to import the previously saved data.
save_wave_config {C:/Users/txzing/Desktop/test/Lattice_A7/A7/33_sd_bmp_hdmi/sd_bmp_hdmi.hw/hw_1/wave/hw_ila_data_1/hw_ila_data_1.wcfg}
close_hw_manager
exit
INFO: [Common 17-206] Exiting Vivado at Thu Jul 27 10:36:38 2023...
