#-----------------------------------------------------------
# Vivado v2020.1 (64-bit)
# SW Build 2902540 on Wed May 27 19:54:49 MDT 2020
# IP Build 2902112 on Wed May 27 22:43:36 MDT 2020
# Start of session at: Sun Jun 25 17:56:00 2023
# Process ID: 16088
# Current directory: C:/Users/txzing/Desktop/1_FPGA_Design/1_Verilog_35T/33_sd_bmp_hdmi
# Command line: vivado.exe -gui_launcher_event rodinguilauncherevent14340 C:\Users\txzing\Desktop\1_FPGA_Design\1_Verilog_35T\33_sd_bmp_hdmi\sd_bmp_hdmi.xpr
# Log file: C:/Users/txzing/Desktop/1_FPGA_Design/1_Verilog_35T/33_sd_bmp_hdmi/vivado.log
# Journal file: C:/Users/txzing/Desktop/1_FPGA_Design/1_Verilog_35T/33_sd_bmp_hdmi\vivado.jou
#-----------------------------------------------------------
start_gui
open_project C:/Users/txzing/Desktop/1_FPGA_Design/1_Verilog_35T/33_sd_bmp_hdmi/sd_bmp_hdmi.xpr
Scanning sources...
Finished scanning sources
INFO: [IP_Flow 19-234] Refreshing IP repositories
INFO: [IP_Flow 19-1704] No user IP repositories specified
INFO: [IP_Flow 19-2313] Loaded Vivado IP repository 'D:/Vivado/Vivado/2020.1/data/ip'.
open_project: Time (s): cpu = 00:00:07 ; elapsed = 00:00:07 . Memory (MB): peak = 1112.680 ; gain = 0.000
update_compile_order -fileset sources_1
exit
INFO: [Common 17-206] Exiting Vivado at Sun Jun 25 17:58:36 2023...
